#
# A fatal error has been detected by the Java Runtime Environment:
#
#  SIGSEGV (0xb) at pc=0x000000012aa9734c, pid=25038, tid=13575
#
# JRE version: Java(TM) SE Runtime Environment (8.0_20-b26) (build 1.8.0_20-b26)
# Java VM: Java HotSpot(TM) 64-Bit Server VM (25.20-b23 mixed mode bsd-amd64 compressed oops)
# Problematic frame:
# C  [libavutil.54.dylib+0x434c]  av_strstart+0x1c
#
# Failed to write core dump. Core dumps have been disabled. To enable core dumping, try "ulimit -c unlimited" before starting Java again
#
# If you would like to submit a bug report, please visit:
#   http://bugreport.sun.com/bugreport/crash.jsp
# The crash happened outside the Java Virtual Machine in native code.
# See problematic frame for where to report the bug.
#

---------------  T H R E A D  ---------------

Current thread (0x00007f8902145000):  JavaThread "Thread-2" [_thread_in_native, id=13575, stack(0x000000012ba64000,0x000000012bb64000)]

siginfo: si_signo: 11 (SIGSEGV), si_code: 1 (SEGV_MAPERR), si_addr: 0x0000000000000000

Registers:
RAX=0x000000012e08a272, RBX=0x0000000000000000, RCX=0x000000012bb630a8, RDX=0x0000000000000000
RSP=0x000000012bb63078, RBP=0x0000000000000000, RSI=0x000000012e1cb70a, RDI=0x0000000000000000
R8 =0x0000000000000069, R9 =0x0000000000000e50, R10=0x0000000000002390, R11=0x000000012aa97330
R12=0x000000012e2728a0, R13=0x0000000000000000, R14=0x0000000000000000, R15=0x0000000000000000
RIP=0x000000012aa9734c, EFLAGS=0x0000000000010206, ERR=0x0000000000000004
  TRAPNO=0x000000000000000e

Top of Stack: (sp=0x000000012bb63078)
0x000000012bb63078:   000000012e08a285 0000000000000000
0x000000012bb63088:   000000012dff3db1 000000010bd24000
0x000000012bb63098:   000000012bb6310c 0000000000000000
0x000000012bb630a8:   0000000000000000 000000012e2af440
0x000000012bb630b8:   00007f8900000000 0000000000000000
0x000000012bb630c8:   000000012bb6313c 000000012bb635c0
0x000000012bb630d8:   00007f8903071200 00007f8903071220
0x000000012bb630e8:   0000000000000000 00007f8903071208
0x000000012bb630f8:   000000012dff3f02 0000000000000000
0x000000012bb63108:   0000000000000000 000000012bb635b8
0x000000012bb63118:   000000012e0b9cf2 0000000000000000
0x000000012bb63128:   0000000000000000 00007f89028a4700
0x000000012bb63138:   000000198de183ba 0000000000000000
0x000000012bb63148:   0000000000000000 0000000000000000
0x000000012bb63158:   0000000000000000 0000000000000000
0x000000012bb63168:   000000000000ffff 0000000000000100
0x000000012bb63178:   000000000000ffff 0000000000000000
0x000000012bb63188:   0000000000000000 0000000000000000
0x000000012bb63198:   0000000000000000 0000000000000000
0x000000012bb631a8:   0000000000000000 0000000000000000
0x000000012bb631b8:   000000000000ffff 0000000000f97791
0x000000012bb631c8:   000000000000ffff 0000000086d229dc
0x000000012bb631d8:   000000000000ffff 000000000000000e
0x000000012bb631e8:   ffffffffffffffff 3e8149d233068d49
0x000000012bb631f8:   d0450f4800000000 3345f0468d49c845
0x000000012bb63208:   000000f07e8149c0 c8450f4c00000000
0x000000012bb63218:   00010d72a2b6b848 b6b848c8450f4c00
0x000000012bb63228:   c3000000010d72a2 657461766972702f
0x000000012bb63238:   0000000000000000 0000000000000000
0x000000012bb63248:   0000000000000000 0000000000000000
0x000000012bb63258:   0000000000000000 0000000000000000
0x000000012bb63268:   0000000000000000 0000000000000000 

Instructions: (pc=0x000000012aa9734c)
0x000000012aa9732c:   90 90 90 90 eb 14 0f 1f 80 00 00 00 00 0f 1f 80
0x000000012aa9733c:   00 00 00 00 48 ff c6 48 ff c7 8a 06 84 c0 74 04
0x000000012aa9734c:   3a 07 74 f0 84 c0 75 0a 48 85 d2 74 05 48 89 3a
0x000000012aa9735c:   8a 06 84 c0 0f 94 c0 0f b6 c0 c3 66 0f 1f 84 00 

Register to memory mapping:

RAX=0x000000012e08a272: ff_rtsp_close_connections+0x42 in /private/var/folders/y5/z1ljnyjd4qqf7nrg1g_kmcfw0000gn/T/javacpp64037853828425/libavformat.56.dylib at 0x000000012dfbe000
RBX=0x0000000000000000 is an unknown value
RCX=0x000000012bb630a8 is pointing into the stack for thread: 0x00007f8902145000
RDX=0x0000000000000000 is an unknown value
RSP=0x000000012bb63078 is pointing into the stack for thread: 0x00007f8902145000
RBP=0x0000000000000000 is an unknown value
RSI=0x000000012e1cb70a: CMAC_CTX_free+0x1b07a in /private/var/folders/y5/z1ljnyjd4qqf7nrg1g_kmcfw0000gn/T/javacpp64037853828425/libavformat.56.dylib at 0x000000012dfbe000
RDI=0x0000000000000000 is an unknown value
R8 =0x0000000000000069 is an unknown value
R9 =0x0000000000000e50 is an unknown value
R10=0x0000000000002390 is an unknown value
R11=0x000000012aa97330: av_strstart+0 in /private/var/folders/y5/z1ljnyjd4qqf7nrg1g_kmcfw0000gn/T/javacpp64037853828425/libavutil.54.dylib at 0x000000012aa93000
R12=0x000000012e2728a0: ff_rtp_demuxer+0 in /private/var/folders/y5/z1ljnyjd4qqf7nrg1g_kmcfw0000gn/T/javacpp64037853828425/libavformat.56.dylib at 0x000000012dfbe000
R13=0x0000000000000000 is an unknown value
R14=0x0000000000000000 is an unknown value
R15=0x0000000000000000 is an unknown value


Stack: [0x000000012ba64000,0x000000012bb64000],  sp=0x000000012bb63078,  free space=1020k
Native frames: (J=compiled Java code, j=interpreted, Vv=VM code, C=native code)
C  [libavutil.54.dylib+0x434c]  av_strstart+0x1c

Java frames: (J=compiled Java code, j=interpreted, Vv=VM code)
j  org.bytedeco.javacpp.avformat.avformat_open_input(Lorg/bytedeco/javacpp/avformat$AVFormatContext;Ljava/lang/String;Lorg/bytedeco/javacpp/avformat$AVInputFormat;Lorg/bytedeco/javacpp/avutil$AVDictionary;)I+0
j  org.bytedeco.javacv.FFmpegFrameGrabber.startUnsafe()V+439
j  org.bytedeco.javacv.FFmpegFrameGrabber.start()V+6
j  Video$VideoIterator.<init>(LVideo;)V+33
j  Video$VideoIterator.<init>(LVideo;LVideo$1;)V+2
j  Video.iterator()LVideo$VideoIterator;+6
j  StreamingThread.run()V+27
v  ~StubRoutines::call_stub

---------------  P R O C E S S  ---------------

Java Threads: ( => current thread )
=>0x00007f8902145000 JavaThread "Thread-2" [_thread_in_native, id=13575, stack(0x000000012ba64000,0x000000012bb64000)]
  0x00007f890389c800 JavaThread "Thread-1" [_thread_in_native, id=12299, stack(0x0000000128224000,0x0000000128324000)]
  0x00007f8901b8e800 JavaThread "Server.main()" [_thread_in_native, id=19203, stack(0x000000012c523000,0x000000012c623000)]
  0x00007f8901013800 JavaThread "Service Thread" daemon [_thread_blocked, id=18179, stack(0x0000000129e34000,0x0000000129f34000)]
  0x00007f8900865800 JavaThread "C1 CompilerThread2" daemon [_thread_blocked, id=17667, stack(0x0000000129d31000,0x0000000129e31000)]
  0x00007f8900847800 JavaThread "C2 CompilerThread1" daemon [_thread_in_native, id=17155, stack(0x0000000129c2e000,0x0000000129d2e000)]
  0x00007f890104e000 JavaThread "C2 CompilerThread0" daemon [_thread_blocked, id=16643, stack(0x0000000129b2b000,0x0000000129c2b000)]
  0x00007f8901012800 JavaThread "Signal Dispatcher" daemon [_thread_blocked, id=12563, stack(0x0000000129a28000,0x0000000129b28000)]
  0x00007f8900843800 JavaThread "Finalizer" daemon [_thread_blocked, id=11523, stack(0x00000001280e8000,0x00000001281e8000)]
  0x00007f8900842800 JavaThread "Reference Handler" daemon [_thread_blocked, id=11011, stack(0x0000000127fe5000,0x00000001280e5000)]
  0x00007f890080b000 JavaThread "main" [_thread_blocked, id=4867, stack(0x000000010be20000,0x000000010bf20000)]

Other Threads:
  0x00007f890102c800 VMThread [stack: 0x0000000127ee2000,0x0000000127fe2000] [id=10499]
  0x00007f8901062800 WatcherThread [stack: 0x0000000129f37000,0x000000012a037000] [id=18691]

VM state:not at safepoint (normal execution)

VM Mutex/Monitor currently owned by a thread: None

Heap:
 PSYoungGen      total 76288K, used 68030K [0x000000076ab00000, 0x0000000774000000, 0x00000007c0000000)
  eden space 65536K, 89% used [0x000000076ab00000,0x000000076e436848,0x000000076eb00000)
  from space 10752K, 87% used [0x000000076eb00000,0x000000076f438ff0,0x000000076f580000)
  to   space 10752K, 0% used [0x0000000773580000,0x0000000773580000,0x0000000774000000)
 ParOldGen       total 175104K, used 32K [0x00000006c0000000, 0x00000006cab00000, 0x000000076ab00000)
  object space 175104K, 0% used [0x00000006c0000000,0x00000006c0008000,0x00000006cab00000)
 Metaspace       used 18932K, capacity 19400K, committed 19584K, reserved 1067008K
  class space    used 2224K, capacity 2405K, committed 2432K, reserved 1048576K

Card table byte_map: [0x000000011cadb000,0x000000011d2dc000] byte_map_base: 0x00000001194db000

Marking Bits: (ParMarkBitMap*) 0x000000010d09c330
 Begin Bits: [0x000000011dc3e000, 0x0000000121c3e000)
 End Bits:   [0x0000000121c3e000, 0x0000000125c3e000)

Polling page: 0x000000010bf64000

CodeCache: size=245760Kb used=9703Kb max_used=9711Kb free=236056Kb
 bounds [0x000000010d71b000, 0x000000010e0ab000, 0x000000011c71b000]
 total_blobs=3584 nmethods=3209 adapters=288
 compilation: enabled

Compilation events (10 events):
Event: 14.322 Thread 0x00007f890104e000 3214       4       java.util.AbstractList$Itr::hasNext (20 bytes)
Event: 14.323 Thread 0x00007f890104e000 nmethod 3214 0x000000010e068610 code [0x000000010e068760, 0x000000010e068818]
Event: 14.323 Thread 0x00007f890104e000 3175       4       java.lang.String::endsWith (17 bytes)
Event: 14.325 Thread 0x00007f890104e000 nmethod 3175 0x000000010e06bdd0 code [0x000000010e06bf20, 0x000000010e06c058]
Event: 14.325 Thread 0x00007f890104e000 3196  s    4       java.util.Vector::elementAt (48 bytes)
Event: 14.326 Thread 0x00007f890104e000 nmethod 3196 0x000000010e066790 code [0x000000010e0668e0, 0x000000010e066b58]
Event: 14.326 Thread 0x00007f890104e000 3218  s    4       java.util.Vector::addElement (38 bytes)
Event: 14.328 Thread 0x00007f890104e000 nmethod 3218 0x000000010e066090 code [0x000000010e066200, 0x000000010e0665e8]
Event: 14.347 Thread 0x00007f8900865800 3233   !   3       java.lang.ClassLoader::findNative (86 bytes)
Event: 14.347 Thread 0x00007f8900865800 nmethod 3233 0x000000010e067810 code [0x000000010e0679c0, 0x000000010e068298]

GC Heap History (6 events):
Event: 1.384 GC heap before
{Heap before GC invocations=1 (full 0):
 PSYoungGen      total 76288K, used 65536K [0x000000076ab00000, 0x0000000770000000, 0x00000007c0000000)
  eden space 65536K, 100% used [0x000000076ab00000,0x000000076eb00000,0x000000076eb00000)
  from space 10752K, 0% used [0x000000076f580000,0x000000076f580000,0x0000000770000000)
  to   space 10752K, 0% used [0x000000076eb00000,0x000000076eb00000,0x000000076f580000)
 ParOldGen       total 175104K, used 0K [0x00000006c0000000, 0x00000006cab00000, 0x000000076ab00000)
  object space 175104K, 0% used [0x00000006c0000000,0x00000006c0000000,0x00000006cab00000)
 Metaspace       used 10736K, capacity 10880K, committed 11008K, reserved 1058816K
  class space    used 1332K, capacity 1412K, committed 1536K, reserved 1048576K
Event: 1.393 GC heap after
Heap after GC invocations=1 (full 0):
 PSYoungGen      total 76288K, used 8578K [0x000000076ab00000, 0x0000000770000000, 0x00000007c0000000)
  eden space 65536K, 0% used [0x000000076ab00000,0x000000076ab00000,0x000000076eb00000)
  from space 10752K, 79% used [0x000000076eb00000,0x000000076f360b68,0x000000076f580000)
  to   space 10752K, 0% used [0x000000076f580000,0x000000076f580000,0x0000000770000000)
 ParOldGen       total 175104K, used 16K [0x00000006c0000000, 0x00000006cab00000, 0x000000076ab00000)
  object space 175104K, 0% used [0x00000006c0000000,0x00000006c0004000,0x00000006cab00000)
 Metaspace       used 10736K, capacity 10880K, committed 11008K, reserved 1058816K
  class space    used 1332K, capacity 1412K, committed 1536K, reserved 1048576K
}
Event: 2.297 GC heap before
{Heap before GC invocations=2 (full 0):
 PSYoungGen      total 76288K, used 74114K [0x000000076ab00000, 0x0000000770000000, 0x00000007c0000000)
  eden space 65536K, 100% used [0x000000076ab00000,0x000000076eb00000,0x000000076eb00000)
  from space 10752K, 79% used [0x000000076eb00000,0x000000076f360b68,0x000000076f580000)
  to   space 10752K, 0% used [0x000000076f580000,0x000000076f580000,0x0000000770000000)
 ParOldGen       total 175104K, used 16K [0x00000006c0000000, 0x00000006cab00000, 0x000000076ab00000)
  object space 175104K, 0% used [0x00000006c0000000,0x00000006c0004000,0x00000006cab00000)
 Metaspace       used 13825K, capacity 14024K, committed 14336K, reserved 1062912K
  class space    used 1668K, capacity 1744K, committed 1792K, reserved 1048576K
Event: 2.311 GC heap after
Heap after GC invocations=2 (full 0):
 PSYoungGen      total 76288K, used 8674K [0x000000076ab00000, 0x0000000774000000, 0x00000007c0000000)
  eden space 65536K, 0% used [0x000000076ab00000,0x000000076ab00000,0x000000076eb00000)
  from space 10752K, 80% used [0x000000076f580000,0x000000076fdf8998,0x0000000770000000)
  to   space 10752K, 0% used [0x000000076eb00000,0x000000076eb00000,0x000000076f580000)
 ParOldGen       total 175104K, used 24K [0x00000006c0000000, 0x00000006cab00000, 0x000000076ab00000)
  object space 175104K, 0% used [0x00000006c0000000,0x00000006c0006000,0x00000006cab00000)
 Metaspace       used 13825K, capacity 14024K, committed 14336K, reserved 1062912K
  class space    used 1668K, capacity 1744K, committed 1792K, reserved 1048576K
}
Event: 2.970 GC heap before
{Heap before GC invocations=3 (full 0):
 PSYoungGen      total 76288K, used 74210K [0x000000076ab00000, 0x0000000774000000, 0x00000007c0000000)
  eden space 65536K, 100% used [0x000000076ab00000,0x000000076eb00000,0x000000076eb00000)
  from space 10752K, 80% used [0x000000076f580000,0x000000076fdf8998,0x0000000770000000)
  to   space 10752K, 0% used [0x000000076eb00000,0x000000076eb00000,0x000000076f580000)
 ParOldGen       total 175104K, used 24K [0x00000006c0000000, 0x00000006cab00000, 0x000000076ab00000)
  object space 175104K, 0% used [0x00000006c0000000,0x00000006c0006000,0x00000006cab00000)
 Metaspace       used 14910K, capacity 15200K, committed 15488K, reserved 1062912K
  class space    used 1759K, capacity 1880K, committed 1920K, reserved 1048576K
Event: 2.981 GC heap after
Heap after GC invocations=3 (full 0):
 PSYoungGen      total 76288K, used 9443K [0x000000076ab00000, 0x0000000774000000, 0x00000007c0000000)
  eden space 65536K, 0% used [0x000000076ab00000,0x000000076ab00000,0x000000076eb00000)
  from space 10752K, 87% used [0x000000076eb00000,0x000000076f438ff0,0x000000076f580000)
  to   space 10752K, 0% used [0x0000000773580000,0x0000000773580000,0x0000000774000000)
 ParOldGen       total 175104K, used 32K [0x00000006c0000000, 0x00000006cab00000, 0x000000076ab00000)
  object space 175104K, 0% used [0x00000006c0000000,0x00000006c0008000,0x00000006cab00000)
 Metaspace       used 14910K, capacity 15200K, committed 15488K, reserved 1062912K
  class space    used 1759K, capacity 1880K, committed 1920K, reserved 1048576K
}

Deoptimization events (10 events):
Event: 2.163 Thread 0x00007f890080b000 Uncommon trap: reason=bimorphic action=maybe_recompile pc=0x000000010dc3cf6c method=java.util.concurrent.ConcurrentHashMap.get(Ljava/lang/Object;)Ljava/lang/Object; @ 149
Event: 2.505 Thread 0x00007f890080b000 Uncommon trap: reason=unreached action=reinterpret pc=0x000000010d8f8024 method=java.util.HashMap.getNode(ILjava/lang/Object;)Ljava/util/HashMap$Node; @ 53
Event: 2.888 Thread 0x00007f890080b000 Uncommon trap: reason=unreached action=reinterpret pc=0x000000010ddbabc8 method=java.util.IdentityHashMap.get(Ljava/lang/Object;)Ljava/lang/Object; @ 43
Event: 3.148 Thread 0x00007f890080b000 Uncommon trap: reason=class_check action=maybe_recompile pc=0x000000010dd8080c method=org.apache.maven.model.interpolation.StringSearchModelInterpolator$InterpolateObjectAction$MapField.doInterpolate(Ljava/lang/Object;Lorg/apache/maven/model/interpolation
Event: 3.534 Thread 0x00007f890080b000 Uncommon trap: reason=predicate action=maybe_recompile pc=0x000000010df275bc method=java.nio.charset.CharsetDecoder.decode(Ljava/nio/ByteBuffer;Ljava/nio/CharBuffer;Z)Ljava/nio/charset/CoderResult; @ 54
Event: 3.564 Thread 0x00007f890080b000 Uncommon trap: reason=unreached action=reinterpret pc=0x000000010df1ff6c method=org.codehaus.plexus.interpolation.StringSearchInterpolator.interpolate(Ljava/lang/String;Lorg/codehaus/plexus/interpolation/RecursionInterceptor;Ljava/util/Set;)Ljava/lang/Str
Event: 3.564 Thread 0x00007f890080b000 Uncommon trap: reason=class_check action=maybe_recompile pc=0x000000010dd8080c method=org.apache.maven.model.interpolation.StringSearchModelInterpolator$InterpolateObjectAction$MapField.doInterpolate(Ljava/lang/Object;Lorg/apache/maven/model/interpolation
Event: 3.588 Thread 0x00007f890080b000 Uncommon trap: reason=class_check action=maybe_recompile pc=0x000000010dd8080c method=org.apache.maven.model.interpolation.StringSearchModelInterpolator$InterpolateObjectAction$MapField.doInterpolate(Ljava/lang/Object;Lorg/apache/maven/model/interpolation
Event: 3.589 Thread 0x00007f890080b000 Uncommon trap: reason=class_check action=maybe_recompile pc=0x000000010dd8080c method=org.apache.maven.model.interpolation.StringSearchModelInterpolator$InterpolateObjectAction$MapField.doInterpolate(Ljava/lang/Object;Lorg/apache/maven/model/interpolation
Event: 13.721 Thread 0x00007f8902145000 Uncommon trap: reason=unreached action=reinterpret pc=0x000000010d8d3324 method=sun.misc.URLClassPath.getLoader(I)Lsun/misc/URLClassPath$Loader; @ 101

Internal exceptions (10 events):
Event: 14.287 Thread 0x00007f8902145000 Exception <a 'java/security/PrivilegedActionException'> (0x000000076e3f4e50) thrown at [/HUDSON3/workspace/8-2-build-macosx-x86_64/jdk8u20/1074/hotspot/src/share/vm/prims/jvm.cpp, line 1275]
Event: 14.287 Thread 0x00007f8902145000 Exception <a 'java/security/PrivilegedActionException'> (0x000000076e3f5430) thrown at [/HUDSON3/workspace/8-2-build-macosx-x86_64/jdk8u20/1074/hotspot/src/share/vm/prims/jvm.cpp, line 1275]
Event: 14.342 Thread 0x00007f8902145000 Exception <a 'java/security/PrivilegedActionException'> (0x000000076e403d18) thrown at [/HUDSON3/workspace/8-2-build-macosx-x86_64/jdk8u20/1074/hotspot/src/share/vm/prims/jvm.cpp, line 1275]
Event: 14.342 Thread 0x00007f8902145000 Exception <a 'java/security/PrivilegedActionException'> (0x000000076e4042f8) thrown at [/HUDSON3/workspace/8-2-build-macosx-x86_64/jdk8u20/1074/hotspot/src/share/vm/prims/jvm.cpp, line 1275]
Event: 14.344 Thread 0x00007f8902145000 Exception <a 'java/security/PrivilegedActionException'> (0x000000076e40a750) thrown at [/HUDSON3/workspace/8-2-build-macosx-x86_64/jdk8u20/1074/hotspot/src/share/vm/prims/jvm.cpp, line 1275]
Event: 14.344 Thread 0x00007f8902145000 Exception <a 'java/security/PrivilegedActionException'> (0x000000076e40ad60) thrown at [/HUDSON3/workspace/8-2-build-macosx-x86_64/jdk8u20/1074/hotspot/src/share/vm/prims/jvm.cpp, line 1275]
Event: 14.344 Thread 0x00007f8902145000 Exception <a 'java/security/PrivilegedActionException'> (0x000000076e40f840) thrown at [/HUDSON3/workspace/8-2-build-macosx-x86_64/jdk8u20/1074/hotspot/src/share/vm/prims/jvm.cpp, line 1275]
Event: 14.344 Thread 0x00007f8902145000 Exception <a 'java/security/PrivilegedActionException'> (0x000000076e40fe70) thrown at [/HUDSON3/workspace/8-2-build-macosx-x86_64/jdk8u20/1074/hotspot/src/share/vm/prims/jvm.cpp, line 1275]
Event: 14.344 Thread 0x00007f8902145000 Exception <a 'java/security/PrivilegedActionException'> (0x000000076e414c28) thrown at [/HUDSON3/workspace/8-2-build-macosx-x86_64/jdk8u20/1074/hotspot/src/share/vm/prims/jvm.cpp, line 1275]
Event: 14.344 Thread 0x00007f8902145000 Exception <a 'java/security/PrivilegedActionException'> (0x000000076e415168) thrown at [/HUDSON3/workspace/8-2-build-macosx-x86_64/jdk8u20/1074/hotspot/src/share/vm/prims/jvm.cpp, line 1275]

Events (10 events):
Event: 14.343 loading class java/util/concurrent/Executors$DelegatedExecutorService done
Event: 14.343 loading class java/util/concurrent/Executors$FinalizableDelegatedExecutorService done
Event: 14.343 loading class java/util/concurrent/Executors$DefaultThreadFactory
Event: 14.343 loading class java/util/concurrent/Executors$DefaultThreadFactory done
Event: 14.344 loading class org/bytedeco/javacpp/Pointer$NativeDeallocator
Event: 14.344 loading class org/bytedeco/javacpp/Pointer$NativeDeallocator done
Event: 14.344 loading class org/bytedeco/javacpp/Pointer$DeallocatorReference
Event: 14.344 loading class org/bytedeco/javacpp/Pointer$DeallocatorReference done
Event: 14.344 loading class org/bytedeco/javacv/Frame
Event: 14.344 loading class org/bytedeco/javacv/Frame done


Dynamic libraries:
0x0000000007bde000 	/System/Library/Frameworks/Cocoa.framework/Versions/A/Cocoa
0x0000000007bde000 	/System/Library/Frameworks/Security.framework/Versions/A/Security
0x0000000007bde000 	/System/Library/Frameworks/ApplicationServices.framework/Versions/A/ApplicationServices
0x0000000007bde000 	/usr/lib/libz.1.dylib
0x0000000007bde000 	/usr/lib/libSystem.B.dylib
0x0000000007bde000 	/usr/lib/libobjc.A.dylib
0x0000000007bde000 	/System/Library/Frameworks/CoreFoundation.framework/Versions/A/CoreFoundation
0x0000000007bde000 	/System/Library/Frameworks/Foundation.framework/Versions/C/Foundation
0x0000000007bde000 	/System/Library/Frameworks/AppKit.framework/Versions/C/AppKit
0x0000000007bde000 	/System/Library/Frameworks/CoreData.framework/Versions/A/CoreData
0x0000000007bde000 	/System/Library/PrivateFrameworks/RemoteViewServices.framework/Versions/A/RemoteViewServices
0x0000000007bde000 	/System/Library/PrivateFrameworks/UIFoundation.framework/Versions/A/UIFoundation
0x0000000007bde000 	/System/Library/Frameworks/IOSurface.framework/Versions/A/IOSurface
0x0000000007bde000 	/System/Library/Frameworks/AudioToolbox.framework/Versions/A/AudioToolbox
0x0000000007bde000 	/System/Library/Frameworks/AudioUnit.framework/Versions/A/AudioUnit
0x0000000007bde000 	/System/Library/PrivateFrameworks/DataDetectorsCore.framework/Versions/A/DataDetectorsCore
0x0000000007bde000 	/System/Library/PrivateFrameworks/DesktopServicesPriv.framework/Versions/A/DesktopServicesPriv
0x0000000007bde000 	/System/Library/Frameworks/Carbon.framework/Versions/A/Frameworks/HIToolbox.framework/Versions/A/HIToolbox
0x0000000007bde000 	/System/Library/Frameworks/QuartzCore.framework/Versions/A/QuartzCore
0x0000000007bde000 	/System/Library/Frameworks/Carbon.framework/Versions/A/Frameworks/SpeechRecognition.framework/Versions/A/SpeechRecognition
0x0000000007bde000 	/usr/lib/libauto.dylib
0x0000000007bde000 	/usr/lib/libicucore.A.dylib
0x0000000007bde000 	/usr/lib/libxml2.2.dylib
0x0000000007bde000 	/System/Library/PrivateFrameworks/CoreUI.framework/Versions/A/CoreUI
0x0000000007bde000 	/System/Library/Frameworks/CoreAudio.framework/Versions/A/CoreAudio
0x0000000007bde000 	/System/Library/Frameworks/DiskArbitration.framework/Versions/A/DiskArbitration
0x0000000007bde000 	/usr/lib/liblangid.dylib
0x0000000007bde000 	/System/Library/PrivateFrameworks/MultitouchSupport.framework/Versions/A/MultitouchSupport
0x0000000007bde000 	/System/Library/Frameworks/IOKit.framework/Versions/A/IOKit
0x0000000007bde000 	/usr/lib/libDiagnosticMessagesClient.dylib
0x0000000007bde000 	/System/Library/Frameworks/CoreServices.framework/Versions/A/CoreServices
0x0000000007bde000 	/System/Library/PrivateFrameworks/PerformanceAnalysis.framework/Versions/A/PerformanceAnalysis
0x0000000007bde000 	/System/Library/PrivateFrameworks/GenerationalStorage.framework/Versions/A/GenerationalStorage
0x0000000007bde000 	/System/Library/Frameworks/OpenGL.framework/Versions/A/OpenGL
0x0000000007bde000 	/System/Library/PrivateFrameworks/Sharing.framework/Versions/A/Sharing
0x0000000007bde000 	/System/Library/Frameworks/CoreGraphics.framework/Versions/A/CoreGraphics
0x0000000007bde000 	/System/Library/Frameworks/CoreText.framework/Versions/A/CoreText
0x0000000007bde000 	/System/Library/Frameworks/ImageIO.framework/Versions/A/ImageIO
0x0000000007bde000 	/usr/lib/libextension.dylib
0x0000000007bde000 	/System/Library/PrivateFrameworks/Backup.framework/Versions/A/Backup
0x0000000007bde000 	/usr/lib/libarchive.2.dylib
0x0000000007bde000 	/System/Library/Frameworks/CFNetwork.framework/Versions/A/CFNetwork
0x0000000007bde000 	/System/Library/Frameworks/SystemConfiguration.framework/Versions/A/SystemConfiguration
0x0000000007bde000 	/usr/lib/libCRFSuite.dylib
0x0000000007bde000 	/usr/lib/libc++.1.dylib
0x0000000007bde000 	/usr/lib/libc++abi.dylib
0x0000000007bde000 	/usr/lib/system/libcache.dylib
0x0000000007bde000 	/usr/lib/system/libcommonCrypto.dylib
0x0000000007bde000 	/usr/lib/system/libcompiler_rt.dylib
0x0000000007bde000 	/usr/lib/system/libcopyfile.dylib
0x0000000007bde000 	/usr/lib/system/libcorecrypto.dylib
0x0000000007bde000 	/usr/lib/system/libdispatch.dylib
0x0000000007bde000 	/usr/lib/system/libdyld.dylib
0x0000000007bde000 	/usr/lib/system/libkeymgr.dylib
0x0000000007bde000 	/usr/lib/system/liblaunch.dylib
0x0000000007bde000 	/usr/lib/system/libmacho.dylib
0x0000000007bde000 	/usr/lib/system/libquarantine.dylib
0x0000000007bde000 	/usr/lib/system/libremovefile.dylib
0x0000000007bde000 	/usr/lib/system/libsystem_asl.dylib
0x0000000007bde000 	/usr/lib/system/libsystem_blocks.dylib
0x0000000007bde000 	/usr/lib/system/libsystem_c.dylib
0x0000000007bde000 	/usr/lib/system/libsystem_configuration.dylib
0x0000000007bde000 	/usr/lib/system/libsystem_coreservices.dylib
0x0000000007bde000 	/usr/lib/system/libsystem_coretls.dylib
0x0000000007bde000 	/usr/lib/system/libsystem_dnssd.dylib
0x0000000007bde000 	/usr/lib/system/libsystem_info.dylib
0x0000000007bde000 	/usr/lib/system/libsystem_kernel.dylib
0x0000000007bde000 	/usr/lib/system/libsystem_m.dylib
0x0000000007bde000 	/usr/lib/system/libsystem_malloc.dylib
0x0000000007bde000 	/usr/lib/system/libsystem_network.dylib
0x0000000007bde000 	/usr/lib/system/libsystem_networkextension.dylib
0x0000000007bde000 	/usr/lib/system/libsystem_notify.dylib
0x0000000007bde000 	/usr/lib/system/libsystem_platform.dylib
0x0000000007bde000 	/usr/lib/system/libsystem_pthread.dylib
0x0000000007bde000 	/usr/lib/system/libsystem_sandbox.dylib
0x0000000007bde000 	/usr/lib/system/libsystem_secinit.dylib
0x0000000007bde000 	/usr/lib/system/libsystem_stats.dylib
0x0000000007bde000 	/usr/lib/system/libsystem_trace.dylib
0x0000000007bde000 	/usr/lib/system/libunc.dylib
0x0000000007bde000 	/usr/lib/system/libunwind.dylib
0x0000000007bde000 	/usr/lib/system/libxpc.dylib
0x0000000007bde000 	/usr/lib/libbz2.1.0.dylib
0x0000000007bde000 	/usr/lib/liblzma.5.dylib
0x0000000007bde000 	/usr/lib/libbsm.0.dylib
0x0000000007bde000 	/usr/lib/libsqlite3.dylib
0x0000000007bde000 	/usr/lib/system/libkxld.dylib
0x0000000007bde000 	/usr/lib/libxar.1.dylib
0x0000000007bde000 	/usr/lib/libpam.2.dylib
0x0000000007bde000 	/usr/lib/libOpenScriptingUtil.dylib
0x0000000007bde000 	/System/Library/Frameworks/CoreServices.framework/Versions/A/Frameworks/FSEvents.framework/Versions/A/FSEvents
0x0000000007bde000 	/System/Library/Frameworks/CoreServices.framework/Versions/A/Frameworks/CarbonCore.framework/Versions/A/CarbonCore
0x0000000007bde000 	/System/Library/Frameworks/CoreServices.framework/Versions/A/Frameworks/Metadata.framework/Versions/A/Metadata
0x0000000007bde000 	/System/Library/Frameworks/CoreServices.framework/Versions/A/Frameworks/OSServices.framework/Versions/A/OSServices
0x0000000007bde000 	/System/Library/Frameworks/CoreServices.framework/Versions/A/Frameworks/SearchKit.framework/Versions/A/SearchKit
0x0000000007bde000 	/System/Library/Frameworks/CoreServices.framework/Versions/A/Frameworks/AE.framework/Versions/A/AE
0x0000000007bde000 	/System/Library/Frameworks/CoreServices.framework/Versions/A/Frameworks/LaunchServices.framework/Versions/A/LaunchServices
0x0000000007bde000 	/System/Library/Frameworks/CoreServices.framework/Versions/A/Frameworks/DictionaryServices.framework/Versions/A/DictionaryServices
0x0000000007bde000 	/System/Library/Frameworks/NetFS.framework/Versions/A/NetFS
0x0000000007bde000 	/System/Library/PrivateFrameworks/NetAuth.framework/Versions/A/NetAuth
0x0000000007bde000 	/System/Library/PrivateFrameworks/login.framework/Versions/A/Frameworks/loginsupport.framework/Versions/A/loginsupport
0x0000000007bde000 	/System/Library/PrivateFrameworks/TCC.framework/Versions/A/TCC
0x0000000007bde000 	/usr/lib/libmecabra.dylib
0x0000000007bde000 	/System/Library/Frameworks/ApplicationServices.framework/Versions/A/Frameworks/ATS.framework/Versions/A/ATS
0x0000000007bde000 	/System/Library/Frameworks/ApplicationServices.framework/Versions/A/Frameworks/ColorSync.framework/Versions/A/ColorSync
0x0000000007bde000 	/System/Library/Frameworks/ApplicationServices.framework/Versions/A/Frameworks/HIServices.framework/Versions/A/HIServices
0x0000000007bde000 	/System/Library/Frameworks/ApplicationServices.framework/Versions/A/Frameworks/LangAnalysis.framework/Versions/A/LangAnalysis
0x0000000007bde000 	/System/Library/Frameworks/ApplicationServices.framework/Versions/A/Frameworks/PrintCore.framework/Versions/A/PrintCore
0x0000000007bde000 	/System/Library/Frameworks/ApplicationServices.framework/Versions/A/Frameworks/QD.framework/Versions/A/QD
0x0000000007bde000 	/System/Library/Frameworks/ApplicationServices.framework/Versions/A/Frameworks/SpeechSynthesis.framework/Versions/A/SpeechSynthesis
0x0000000007bde000 	/System/Library/Frameworks/Accelerate.framework/Versions/A/Accelerate
0x0000000007bde000 	/System/Library/Frameworks/Accelerate.framework/Versions/A/Frameworks/vImage.framework/Versions/A/vImage
0x0000000007bde000 	/System/Library/Frameworks/Accelerate.framework/Versions/A/Frameworks/vecLib.framework/Versions/A/vecLib
0x0000000007bde000 	/System/Library/Frameworks/Accelerate.framework/Versions/A/Frameworks/vecLib.framework/Versions/A/libvDSP.dylib
0x0000000007bde000 	/System/Library/Frameworks/Accelerate.framework/Versions/A/Frameworks/vecLib.framework/Versions/A/libvMisc.dylib
0x0000000007bde000 	/System/Library/Frameworks/Accelerate.framework/Versions/A/Frameworks/vecLib.framework/Versions/A/libLAPACK.dylib
0x0000000007bde000 	/System/Library/Frameworks/Accelerate.framework/Versions/A/Frameworks/vecLib.framework/Versions/A/libBLAS.dylib
0x0000000007bde000 	/System/Library/Frameworks/Accelerate.framework/Versions/A/Frameworks/vecLib.framework/Versions/A/libLinearAlgebra.dylib
0x0000000007bde000 	/System/Library/Frameworks/ApplicationServices.framework/Versions/A/Frameworks/ATS.framework/Versions/A/Resources/libFontParser.dylib
0x0000000007bde000 	/System/Library/Frameworks/ApplicationServices.framework/Versions/A/Frameworks/ATS.framework/Versions/A/Resources/libFontRegistry.dylib
0x0000000007bde000 	/System/Library/PrivateFrameworks/AppleVPA.framework/Versions/A/AppleVPA
0x0000000007bde000 	/System/Library/PrivateFrameworks/AppleJPEG.framework/Versions/A/AppleJPEG
0x0000000007bde000 	/System/Library/Frameworks/ImageIO.framework/Versions/A/Resources/libJPEG.dylib
0x0000000007bde000 	/System/Library/Frameworks/ImageIO.framework/Versions/A/Resources/libTIFF.dylib
0x0000000007bde000 	/System/Library/Frameworks/ImageIO.framework/Versions/A/Resources/libPng.dylib
0x0000000007bde000 	/System/Library/Frameworks/ImageIO.framework/Versions/A/Resources/libGIF.dylib
0x0000000007bde000 	/System/Library/Frameworks/ImageIO.framework/Versions/A/Resources/libJP2.dylib
0x0000000007bde000 	/System/Library/Frameworks/ImageIO.framework/Versions/A/Resources/libRadiance.dylib
0x0000000007bde000 	/System/Library/Frameworks/CoreVideo.framework/Versions/A/CoreVideo
0x0000000007bde000 	/System/Library/Frameworks/OpenGL.framework/Versions/A/Libraries/libGLU.dylib
0x0000000007bde000 	/System/Library/Frameworks/OpenGL.framework/Versions/A/Libraries/libGFXShared.dylib
0x0000000007bde000 	/System/Library/Frameworks/OpenGL.framework/Versions/A/Libraries/libGL.dylib
0x0000000007bde000 	/System/Library/Frameworks/OpenGL.framework/Versions/A/Libraries/libGLImage.dylib
0x0000000007bde000 	/System/Library/Frameworks/OpenGL.framework/Versions/A/Libraries/libCVMSPluginSupport.dylib
0x0000000007bde000 	/System/Library/Frameworks/OpenGL.framework/Versions/A/Libraries/libCoreVMClient.dylib
0x0000000007bde000 	/usr/lib/libcups.2.dylib
0x0000000007bde000 	/System/Library/Frameworks/Kerberos.framework/Versions/A/Kerberos
0x0000000007bde000 	/System/Library/Frameworks/GSS.framework/Versions/A/GSS
0x0000000007bde000 	/usr/lib/libresolv.9.dylib
0x0000000007bde000 	/usr/lib/libiconv.2.dylib
0x0000000007bde000 	/System/Library/PrivateFrameworks/Heimdal.framework/Versions/A/Heimdal
0x0000000007bde000 	/usr/lib/libheimdal-asn1.dylib
0x0000000007bde000 	/System/Library/Frameworks/OpenDirectory.framework/Versions/A/OpenDirectory
0x0000000007bde000 	/System/Library/PrivateFrameworks/CommonAuth.framework/Versions/A/CommonAuth
0x0000000007bde000 	/System/Library/Frameworks/OpenDirectory.framework/Versions/A/Frameworks/CFOpenDirectory.framework/Versions/A/CFOpenDirectory
0x0000000007bde000 	/System/Library/Frameworks/SecurityFoundation.framework/Versions/A/SecurityFoundation
0x0000000007bde000 	/System/Library/PrivateFrameworks/LanguageModeling.framework/Versions/A/LanguageModeling
0x0000000007bde000 	/usr/lib/libcmph.dylib
0x0000000007bde000 	/System/Library/Frameworks/ServiceManagement.framework/Versions/A/ServiceManagement
0x0000000007bde000 	/usr/lib/libxslt.1.dylib
0x0000000007bde000 	/System/Library/Frameworks/Carbon.framework/Versions/A/Frameworks/Ink.framework/Versions/A/Ink
0x0000000007bde000 	/System/Library/Frameworks/QuartzCore.framework/Versions/A/Frameworks/CoreImage.framework/Versions/A/CoreImage
0x0000000007bde000 	/System/Library/PrivateFrameworks/CrashReporterSupport.framework/Versions/A/CrashReporterSupport
0x0000000007bde000 	/System/Library/Frameworks/OpenCL.framework/Versions/A/OpenCL
0x0000000007bde000 	/System/Library/PrivateFrameworks/FaceCore.framework/Versions/A/FaceCore
0x0000000007bde000 	/System/Library/PrivateFrameworks/Ubiquity.framework/Versions/A/Ubiquity
0x0000000007bde000 	/System/Library/PrivateFrameworks/IconServices.framework/Versions/A/IconServices
0x0000000007bde000 	/System/Library/PrivateFrameworks/ChunkingLibrary.framework/Versions/A/ChunkingLibrary
0x0000000007bde000 	/System/Library/PrivateFrameworks/Apple80211.framework/Versions/A/Apple80211
0x0000000007bde000 	/System/Library/Frameworks/CoreWLAN.framework/Versions/A/CoreWLAN
0x0000000007bde000 	/System/Library/Frameworks/IOBluetooth.framework/Versions/A/IOBluetooth
0x0000000007bde000 	/System/Library/PrivateFrameworks/CoreWiFi.framework/Versions/A/CoreWiFi
0x0000000007bde000 	/System/Library/Frameworks/CoreBluetooth.framework/Versions/A/CoreBluetooth
0x0000000007bde000 	/System/Library/PrivateFrameworks/DebugSymbols.framework/Versions/A/DebugSymbols
0x0000000007bde000 	/System/Library/PrivateFrameworks/CoreSymbolication.framework/Versions/A/CoreSymbolication
0x0000000007bde000 	/System/Library/PrivateFrameworks/Symbolication.framework/Versions/A/Symbolication
0x0000000007bde000 	/System/Library/PrivateFrameworks/SpeechRecognitionCore.framework/Versions/A/SpeechRecognitionCore
0x000000010c800000 	/Library/Java/JavaVirtualMachines/jdk1.8.0_20.jdk/Contents/Home/jre/lib/server/libjvm.dylib
0x0000000007bde000 	/usr/lib/libstdc++.6.dylib
0x000000010bf22000 	/Library/Java/JavaVirtualMachines/jdk1.8.0_20.jdk/Contents/Home/jre/lib/libverify.dylib
0x000000010bf30000 	/Library/Java/JavaVirtualMachines/jdk1.8.0_20.jdk/Contents/Home/jre/lib/libjava.dylib
0x000000010bf6e000 	/Library/Java/JavaVirtualMachines/jdk1.8.0_20.jdk/Contents/Home/jre/lib/libzip.dylib
0x00000001281ea000 	/System/Library/Frameworks/JavaVM.framework/Frameworks/JavaRuntimeSupport.framework/JavaRuntimeSupport
0x0000000128202000 	/System/Library/Frameworks/JavaVM.framework/Versions/A/Frameworks/JavaNativeFoundation.framework/Versions/A/JavaNativeFoundation
0x000000010bff0000 	/System/Library/Frameworks/JavaVM.framework/Versions/A/JavaVM
0x0000000007bde000 	/System/Library/Frameworks/Carbon.framework/Versions/A/Carbon
0x0000000128217000 	/System/Library/PrivateFrameworks/JavaLaunching.framework/Versions/A/JavaLaunching
0x0000000007bde000 	/System/Library/Frameworks/Carbon.framework/Versions/A/Frameworks/CommonPanels.framework/Versions/A/CommonPanels
0x0000000007bde000 	/System/Library/Frameworks/Carbon.framework/Versions/A/Frameworks/Help.framework/Versions/A/Help
0x0000000007bde000 	/System/Library/Frameworks/Carbon.framework/Versions/A/Frameworks/ImageCapture.framework/Versions/A/ImageCapture
0x0000000007bde000 	/System/Library/Frameworks/Carbon.framework/Versions/A/Frameworks/OpenScripting.framework/Versions/A/OpenScripting
0x0000000007bde000 	/System/Library/Frameworks/Carbon.framework/Versions/A/Frameworks/Print.framework/Versions/A/Print
0x0000000007bde000 	/System/Library/Frameworks/Carbon.framework/Versions/A/Frameworks/SecurityHI.framework/Versions/A/SecurityHI
0x000000012a3dd000 	/Library/Java/JavaVirtualMachines/jdk1.8.0_20.jdk/Contents/Home/jre/lib/libnet.dylib
0x000000012a3f4000 	/Library/Java/JavaVirtualMachines/jdk1.8.0_20.jdk/Contents/Home/jre/lib/libnio.dylib
0x000000012aa93000 	/private/var/folders/y5/z1ljnyjd4qqf7nrg1g_kmcfw0000gn/T/javacpp64037853828425/libavutil.54.dylib
0x000000012a470000 	/System/Library/Frameworks/VideoDecodeAcceleration.framework/Versions/A/VideoDecodeAcceleration
0x0000000007bde000 	/System/Library/Frameworks/CoreMedia.framework/Versions/A/CoreMedia
0x0000000007bde000 	/System/Library/Frameworks/VideoToolbox.framework/Versions/A/VideoToolbox
0x0000000007bde000 	/System/Library/PrivateFrameworks/AppleVA.framework/Versions/A/AppleVA
0x000000012ad3d000 	/private/var/folders/y5/z1ljnyjd4qqf7nrg1g_kmcfw0000gn/T/javacpp64037853828425/libjniavutil.dylib
0x000000012a476000 	/private/var/folders/y5/z1ljnyjd4qqf7nrg1g_kmcfw0000gn/T/javacpp64037853828425/libswresample.1.dylib
0x000000012a550000 	/private/var/folders/y5/z1ljnyjd4qqf7nrg1g_kmcfw0000gn/T/javacpp64037853828425/libjniswresample.dylib
0x000000012ca11000 	/private/var/folders/y5/z1ljnyjd4qqf7nrg1g_kmcfw0000gn/T/javacpp64037853828425/libavcodec.56.dylib
0x000000012b58e000 	/private/var/folders/y5/z1ljnyjd4qqf7nrg1g_kmcfw0000gn/T/javacpp64037853828425/libjniavcodec.dylib
0x000000012dfbe000 	/private/var/folders/y5/z1ljnyjd4qqf7nrg1g_kmcfw0000gn/T/javacpp64037853828425/libavformat.56.dylib
0x000000012ae49000 	/private/var/folders/y5/z1ljnyjd4qqf7nrg1g_kmcfw0000gn/T/javacpp64037853828425/libjniavformat.dylib
0x000000012c8e4000 	/private/var/folders/y5/z1ljnyjd4qqf7nrg1g_kmcfw0000gn/T/javacpp64037853828425/libswscale.3.dylib
0x000000012a5f0000 	/private/var/folders/y5/z1ljnyjd4qqf7nrg1g_kmcfw0000gn/T/javacpp64037853828425/libjniswscale.dylib
0x000000012a629000 	/private/var/folders/y5/z1ljnyjd4qqf7nrg1g_kmcfw0000gn/T/javacpp64037853828425/libpostproc.53.dylib
0x000000012a55e000 	/private/var/folders/y5/z1ljnyjd4qqf7nrg1g_kmcfw0000gn/T/javacpp64037853828425/libjnipostproc.dylib
0x000000012de95000 	/private/var/folders/y5/z1ljnyjd4qqf7nrg1g_kmcfw0000gn/T/javacpp64037853828425/libavfilter.5.dylib
0x000000012bb66000 	/private/var/folders/y5/z1ljnyjd4qqf7nrg1g_kmcfw0000gn/T/javacpp64037853828425/libjniavfilter.dylib
0x000000012a492000 	/private/var/folders/y5/z1ljnyjd4qqf7nrg1g_kmcfw0000gn/T/javacpp64037853828425/libavdevice.56.dylib
0x000000012a49c000 	/private/var/folders/y5/z1ljnyjd4qqf7nrg1g_kmcfw0000gn/T/javacpp64037853828425/libjniavdevice.dylib

VM Arguments:
jvm_args: -Dclassworlds.conf=/usr/local/Cellar/maven/3.2.3/libexec/bin/m2.conf -Dmaven.home=/usr/local/Cellar/maven/3.2.3/libexec 
java_command: org.codehaus.plexus.classworlds.launcher.Launcher package exec:java -Dplatform.dependencies -Dexec.mainClass=Server
java_class_path (initial): /usr/local/Cellar/maven/3.2.3/libexec/boot/plexus-classworlds-2.5.1.jar
Launcher Type: SUN_STANDARD

Environment Variables:
JAVA_HOME=/System/Library/Frameworks/JavaVM.framework/Versions/CurrentJDK/Home
PATH=/Library/Frameworks/Python.framework/Versions/3.5/bin:/Users/Diego/.rvm/gems/ruby-2.1.2/bin:/Users/Diego/.rvm/gems/ruby-2.1.2@global/bin:/Users/Diego/.rvm/rubies/ruby-2.1.2/bin:/usr/local/bin:/usr/bin:/bin:/usr/sbin:/sbin:/opt/X11/bin:/Users/Diego/.rvm/bin
SHELL=/bin/bash
DISPLAY=/private/tmp/com.apple.launchd.xrLJKfAHDk/org.macosforge.xquartz:0

Signal Handlers:
SIGSEGV: [libjvm.dylib+0x578fd7], sa_mask[0]=11111111011111110111111111111111, sa_flags=SA_ONSTACK|SA_RESTART|SA_SIGINFO
SIGBUS: [libjvm.dylib+0x578fd7], sa_mask[0]=11111111011111110111111111111111, sa_flags=SA_RESTART|SA_SIGINFO
SIGFPE: [libjvm.dylib+0x45ab0c], sa_mask[0]=11111111011111110111111111111111, sa_flags=SA_RESTART|SA_SIGINFO
SIGPIPE: [libjvm.dylib+0x45ab0c], sa_mask[0]=11111111011111110111111111111111, sa_flags=SA_RESTART|SA_SIGINFO
SIGXFSZ: [libjvm.dylib+0x45ab0c], sa_mask[0]=11111111011111110111111111111111, sa_flags=SA_RESTART|SA_SIGINFO
SIGILL: [libjvm.dylib+0x45ab0c], sa_mask[0]=11111111011111110111111111111111, sa_flags=SA_RESTART|SA_SIGINFO
SIGUSR1: SIG_DFL, sa_mask[0]=11011111011111100000000111000110, sa_flags=none
SIGUSR2: [libjvm.dylib+0x45a62a], sa_mask[0]=00100000000000000000000000000000, sa_flags=SA_RESTART|SA_SIGINFO
SIGHUP: [libjvm.dylib+0x458bfd], sa_mask[0]=11111111011111110111111111111111, sa_flags=SA_RESTART|SA_SIGINFO
SIGINT: [libjvm.dylib+0x458bfd], sa_mask[0]=11111111011111110111111111111111, sa_flags=SA_RESTART|SA_SIGINFO
SIGTERM: [libjvm.dylib+0x458bfd], sa_mask[0]=11111111011111110111111111111111, sa_flags=SA_RESTART|SA_SIGINFO
SIGQUIT: [libjvm.dylib+0x458bfd], sa_mask[0]=11111111011111110111111111111111, sa_flags=SA_RESTART|SA_SIGINFO


---------------  S Y S T E M  ---------------

OS:Bsduname:Darwin 14.1.0 Darwin Kernel Version 14.1.0: Thu Feb 26 19:26:47 PST 2015; root:xnu-2782.10.73~1/RELEASE_X86_64 x86_64
rlimit: STACK 8192k, CORE 0k, NPROC 709, NOFILE 10240, AS infinity
load average:1.85 1.80 1.81

CPU:total 4 (2 cores per cpu, 2 threads per core) family 6 model 69 stepping 1, cmov, cx8, fxsr, mmx, sse, sse2, sse3, ssse3, sse4.1, sse4.2, popcnt, avx, avx2, aes, clmul, erms, lzcnt, ht, tsc, tscinvbit, bmi1, bmi2

Memory: 4k page, physical 16777216k(312188k free)

/proc/meminfo:


vm_info: Java HotSpot(TM) 64-Bit Server VM (25.20-b23) for bsd-amd64 JRE (1.8.0_20-b26), built on Jul 30 2014 13:37:47 by "java_re" with gcc 4.2.1 (Based on Apple Inc. build 5658) (LLVM build 2336.9.00)

time: Sun Apr  5 21:00:48 2015
elapsed time: 14 seconds (0d 0h 0m 14s)

